<?xml version="1.0" encoding="UTF-8"?>
<!-- Generated by org.testng.reporters.JUnitReportReporter -->
<testsuite skipped="0" hostname="LAPTOP-SKOKFUCJ" name="casestudy1Tests.Selectable" tests="1" failures="0" timestamp="2021-06-15T10:46:30 IST" time="3.698" errors="0">
  <testcase name="SelectableMethod" time="3.698" classname="casestudy1Tests.Selectable"/>
  <system-out/>
</testsuite> <!-- casestudy1Tests.Selectable -->
