<?xml version="1.0" encoding="UTF-8"?>
<!-- Generated by org.testng.reporters.JUnitReportReporter -->
<testsuite skipped="0" hostname="LAPTOP-SKOKFUCJ" name="casestudy1Tests.DatePicker" tests="1" failures="0" timestamp="2021-06-15T10:46:30 IST" time="0.419" errors="0">
  <testcase name="DatePickerMethod" time="0.419" classname="casestudy1Tests.DatePicker"/>
  <system-out/>
</testsuite> <!-- casestudy1Tests.DatePicker -->
