<?xml version="1.0" encoding="UTF-8"?>
<!-- Generated by org.testng.reporters.JUnitReportReporter -->
<testsuite skipped="0" hostname="LAPTOP-SKOKFUCJ" name="casestudy1Tests.RegisterAutomation" tests="1" failures="0" timestamp="2021-06-15T10:46:30 IST" time="7.098" errors="0">
  <testcase name="registerUser" time="7.098" classname="casestudy1Tests.RegisterAutomation"/>
  <system-out/>
</testsuite> <!-- casestudy1Tests.RegisterAutomation -->
