<?xml version="1.0" encoding="UTF-8"?>
<!-- Generated by org.testng.reporters.JUnitReportReporter -->
<testsuite skipped="0" hostname="LAPTOP-SKOKFUCJ" name="casestudy1Tests.SwitchFrames" tests="1" failures="0" timestamp="2021-06-15T10:46:30 IST" time="6.531" errors="0">
  <testcase name="Frame" time="6.531" classname="casestudy1Tests.SwitchFrames"/>
  <system-out/>
</testsuite> <!-- casestudy1Tests.SwitchFrames -->
