<?xml version="1.0" encoding="UTF-8"?>
<!-- Generated by org.testng.reporters.JUnitReportReporter -->
<testsuite skipped="0" hostname="LAPTOP-SKOKFUCJ" name="casestudy1Tests.SwitchToAlert" tests="1" failures="0" timestamp="2021-06-15T10:46:30 IST" time="12.666" errors="0">
  <testcase name="allAlertsSwitch" time="12.666" classname="casestudy1Tests.SwitchToAlert"/>
  <system-out/>
</testsuite> <!-- casestudy1Tests.SwitchToAlert -->
